2025-05-11 12:36:26 [main] INFO  org.example.OperatorApplication - Starting OperatorApplication using Java 23.0.1 with PID 9949 (/Users/zacharyjamison/Desktop/java/SpringBootOperator/target/classes started by zacharyjamison in /Users/zacharyjamison/Desktop/java/SpringBootOperator)
2025-05-11 12:36:26 [main] INFO  org.example.OperatorApplication - No active profile set, falling back to 1 default profile: "default"
2025-05-11 12:36:30 [main] WARN  o.s.c.a.AnnotationConfigApplicationContext - Exception encountered during context initialization - cancelling refresh attempt: org.springframework.beans.factory.BeanCreationException: Error creating bean with name 'kubernetesClient' defined in class path resource [io/javaoperatorsdk/operator/springboot/starter/OperatorAutoConfiguration.class]: Failed to instantiate [io.fabric8.kubernetes.client.KubernetesClient]: Factory method 'kubernetesClient' threw exception with message: JcaPEMKeyConverter is provided by BouncyCastle, an optional dependency. To use support for EC Keys you must explicitly add this dependency to classpath.
2025-05-11 12:36:30 [main] INFO  o.s.b.a.l.ConditionEvaluationReportLogger - 

Error starting ApplicationContext. To display the condition evaluation report re-run your application with 'debug' enabled.
2025-05-11 12:36:30 [main] ERROR o.s.boot.SpringApplication - Application run failed
org.springframework.beans.factory.BeanCreationException: Error creating bean with name 'kubernetesClient' defined in class path resource [io/javaoperatorsdk/operator/springboot/starter/OperatorAutoConfiguration.class]: Failed to instantiate [io.fabric8.kubernetes.client.KubernetesClient]: Factory method 'kubernetesClient' threw exception with message: JcaPEMKeyConverter is provided by BouncyCastle, an optional dependency. To use support for EC Keys you must explicitly add this dependency to classpath.
	at org.springframework.beans.factory.support.ConstructorResolver.instantiate(ConstructorResolver.java:657)
	at org.springframework.beans.factory.support.ConstructorResolver.instantiateUsingFactoryMethod(ConstructorResolver.java:645)
	at org.springframework.beans.factory.support.AbstractAutowireCapableBeanFactory.instantiateUsingFactoryMethod(AbstractAutowireCapableBeanFactory.java:1357)
	at org.springframework.beans.factory.support.AbstractAutowireCapableBeanFactory.createBeanInstance(AbstractAutowireCapableBeanFactory.java:1187)
	at org.springframework.beans.factory.support.AbstractAutowireCapableBeanFactory.doCreateBean(AbstractAutowireCapableBeanFactory.java:563)
	at org.springframework.beans.factory.support.AbstractAutowireCapableBeanFactory.createBean(AbstractAutowireCapableBeanFactory.java:523)
	at org.springframework.beans.factory.support.AbstractBeanFactory.lambda$doGetBean$0(AbstractBeanFactory.java:336)
	at org.springframework.beans.factory.support.DefaultSingletonBeanRegistry.getSingleton(DefaultSingletonBeanRegistry.java:289)
	at org.springframework.beans.factory.support.AbstractBeanFactory.doGetBean(AbstractBeanFactory.java:334)
	at org.springframework.beans.factory.support.AbstractBeanFactory.getBean(AbstractBeanFactory.java:199)
	at org.springframework.beans.factory.support.DefaultListableBeanFactory.instantiateSingleton(DefaultListableBeanFactory.java:1122)
	at org.springframework.beans.factory.support.DefaultListableBeanFactory.preInstantiateSingleton(DefaultListableBeanFactory.java:1093)
	at org.springframework.beans.factory.support.DefaultListableBeanFactory.preInstantiateSingletons(DefaultListableBeanFactory.java:1030)
	at org.springframework.context.support.AbstractApplicationContext.finishBeanFactoryInitialization(AbstractApplicationContext.java:987)
	at org.springframework.context.support.AbstractApplicationContext.refresh(AbstractApplicationContext.java:627)
	at org.springframework.boot.SpringApplication.refresh(SpringApplication.java:752)
	at org.springframework.boot.SpringApplication.refreshContext(SpringApplication.java:439)
	at org.springframework.boot.SpringApplication.run(SpringApplication.java:318)
	at org.springframework.boot.SpringApplication.run(SpringApplication.java:1361)
	at org.springframework.boot.SpringApplication.run(SpringApplication.java:1350)
	at org.example.OperatorApplication.main(OperatorApplication.java:9)
Caused by: org.springframework.beans.BeanInstantiationException: Failed to instantiate [io.fabric8.kubernetes.client.KubernetesClient]: Factory method 'kubernetesClient' threw exception with message: JcaPEMKeyConverter is provided by BouncyCastle, an optional dependency. To use support for EC Keys you must explicitly add this dependency to classpath.
	at org.springframework.beans.factory.support.SimpleInstantiationStrategy.lambda$instantiate$0(SimpleInstantiationStrategy.java:199)
	at org.springframework.beans.factory.support.SimpleInstantiationStrategy.instantiateWithFactoryMethod(SimpleInstantiationStrategy.java:88)
	at org.springframework.beans.factory.support.SimpleInstantiationStrategy.instantiate(SimpleInstantiationStrategy.java:168)
	at org.springframework.beans.factory.support.ConstructorResolver.instantiate(ConstructorResolver.java:653)
	... 20 common frames omitted
Caused by: io.fabric8.kubernetes.client.KubernetesClientException: JcaPEMKeyConverter is provided by BouncyCastle, an optional dependency. To use support for EC Keys you must explicitly add this dependency to classpath.
	at io.fabric8.kubernetes.client.internal.CertUtils.handleECKey(CertUtils.java:211)
	at io.fabric8.kubernetes.client.internal.CertUtils.loadKey(CertUtils.java:172)
	at io.fabric8.kubernetes.client.internal.CertUtils.createKeyStore(CertUtils.java:148)
	at io.fabric8.kubernetes.client.internal.CertUtils.createKeyStore(CertUtils.java:304)
	at io.fabric8.kubernetes.client.internal.SSLUtils.keyManagers(SSLUtils.java:188)
	at io.fabric8.kubernetes.client.internal.SSLUtils.keyManagers(SSLUtils.java:177)
	at io.fabric8.kubernetes.client.utils.HttpClientUtils.applyCommonConfiguration(HttpClientUtils.java:216)
	at io.fabric8.kubernetes.client.okhttp.OkHttpClientFactory.newBuilder(OkHttpClientFactory.java:81)
	at io.fabric8.kubernetes.client.okhttp.OkHttpClientFactory.newBuilder(OkHttpClientFactory.java:28)
	at io.fabric8.kubernetes.client.KubernetesClientBuilder.getHttpClient(KubernetesClientBuilder.java:89)
	at io.fabric8.kubernetes.client.KubernetesClientBuilder.build(KubernetesClientBuilder.java:78)
	at io.javaoperatorsdk.operator.springboot.starter.OperatorAutoConfiguration.lambda$kubernetesClient$3(OperatorAutoConfiguration.java:61)
	at java.base/java.util.Optional.orElseGet(Optional.java:364)
	at io.javaoperatorsdk.operator.springboot.starter.OperatorAutoConfiguration.kubernetesClient(OperatorAutoConfiguration.java:60)
	at io.javaoperatorsdk.operator.springboot.starter.OperatorAutoConfiguration$$SpringCGLIB$$0.CGLIB$kubernetesClient$2(<generated>)
	at io.javaoperatorsdk.operator.springboot.starter.OperatorAutoConfiguration$$SpringCGLIB$$FastClass$$1.invoke(<generated>)
	at org.springframework.cglib.proxy.MethodProxy.invokeSuper(MethodProxy.java:258)
	at org.springframework.context.annotation.ConfigurationClassEnhancer$BeanMethodInterceptor.intercept(ConfigurationClassEnhancer.java:348)
	at io.javaoperatorsdk.operator.springboot.starter.OperatorAutoConfiguration$$SpringCGLIB$$0.kubernetesClient(<generated>)
	at java.base/jdk.internal.reflect.DirectMethodHandleAccessor.invoke(DirectMethodHandleAccessor.java:103)
	at java.base/java.lang.reflect.Method.invoke(Method.java:580)
	at org.springframework.beans.factory.support.SimpleInstantiationStrategy.lambda$instantiate$0(SimpleInstantiationStrategy.java:171)
	... 23 common frames omitted
2025-05-11 12:37:52 [main] WARN  i.fabric8.crd.generator.CRDGenerator - CRD generator for v1beta1 is deprecated, consider using v1 instead.
2025-05-11 12:37:52 [main] INFO  i.fabric8.crd.generator.CRDGenerator - Generating 'operators.org.example' version 'v1' with org.example.crd.Operator (spec: org.example.crd.OperatorSpec / status org.example.crd.OperatorStatus)...
2025-05-11 12:44:00 [main] WARN  i.fabric8.crd.generator.CRDGenerator - CRD generator for v1beta1 is deprecated, consider using v1 instead.
2025-05-11 12:44:00 [main] INFO  i.fabric8.crd.generator.CRDGenerator - Generating 'operators.org.example' version 'v1' with org.example.crd.Operator (spec: org.example.crd.OperatorSpec / status org.example.crd.OperatorStatus)...
2025-05-11 13:10:27 [main] WARN  i.fabric8.crd.generator.CRDGenerator - CRD generator for v1beta1 is deprecated, consider using v1 instead.
2025-05-11 13:10:27 [main] INFO  i.fabric8.crd.generator.CRDGenerator - Generating 'operators.org.example' version 'v1' with org.example.crd.Operator (spec: org.example.crd.OperatorSpec / status org.example.crd.OperatorStatus)...
